\BOOKMARK [1][-]{section.1}{\376\377\220\011\230\230\200\314\146\157\116\016\170\024\172\166\225\356\230\230}{}% 1
\BOOKMARK [2][-]{subsection.1.1}{\376\377\230\206\127\337\200\314\146\157\116\016\135\362\147\011\213\301\143\156}{section.1}% 2
\BOOKMARK [2][-]{subsection.1.2}{\376\377\211\302\133\337\140\047\170\024\172\166\166\204\134\100\226\120\116\016\147\054\145\207\133\232\117\115}{section.1}% 3
\BOOKMARK [2][-]{subsection.1.3}{\376\377\145\160\143\156\060\001\000e\000s\000t\000i\000m\000a\000n\000d\000\040\116\016\126\340\147\234\176\323\147\204}{section.1}% 4
\BOOKMARK [1][-]{section.2}{\376\377\213\306\122\053\120\107\213\276\116\016\117\060\213\241\123\237\164\006}{}% 5
\BOOKMARK [2][-]{subsection.2.1}{\376\377\213\306\122\053\120\107\213\276}{section.2}% 6
\BOOKMARK [2][-]{subsection.2.2}{\376\377\117\060\213\241\123\237\164\006}{section.2}% 7
\BOOKMARK [1][-]{section.3}{\376\377\140\073\145\110\136\224\117\060\213\241\116\016\176\323\147\234\211\343\213\373}{}% 8
\BOOKMARK [2][-]{subsection.3.1}{\376\377\000C\000r\000u\000d\000e\000\040\133\371\153\324\116\016\214\003\145\164\166\204\137\305\211\201\140\047}{section.3}% 9
\BOOKMARK [2][-]{subsection.3.2}{\376\377\116\003\171\315\145\271\154\325\166\204\000\040\000A\000C\000E\000\040\117\060\213\241}{section.3}% 10
\BOOKMARK [2][-]{subsection.3.3}{\376\377\131\032\145\271\154\325\145\066\145\133\166\204\123\237\164\006\122\006\147\220}{section.3}% 11
\BOOKMARK [1][-]{section.4}{\376\377\000p\000o\000s\000i\000t\000i\000v\000i\000t\000y\000\040\150\300\232\214\377\032\120\076\124\021\137\227\122\006\221\315\123\340}{}% 12
\BOOKMARK [2][-]{subsection.4.1}{\376\377\121\161\124\014\145\057\144\221\116\016\122\006\136\003\221\315\123\340}{section.4}% 13
\BOOKMARK [2][-]{subsection.4.2}{\376\377\232\330\155\073\215\303\163\207\150\067\147\054\116\013\166\204\213\306\122\053\124\053\116\111}{section.4}% 14
\BOOKMARK [1][-]{section.5}{\376\377\123\117\123\330\221\317\136\163\210\141\116\016\000\040\000I\000P\000W\000\040\166\204\147\011\145\110\140\047}{}% 15
\BOOKMARK [2][-]{subsection.5.1}{\376\377\000I\000P\000W\000\040\122\240\147\103\166\204\136\163\210\141\123\237\164\006}{section.5}% 16
\BOOKMARK [2][-]{subsection.5.2}{\376\377\122\240\147\103\122\115\124\016\166\204\123\117\123\330\221\317\135\356\137\002}{section.5}% 17
\BOOKMARK [2][-]{subsection.5.3}{\376\377\136\163\210\141\213\312\145\255\133\371\173\054\000\040\0003\000\040\202\202\000\040\000A\000C\000E\000\040\166\204\124\053\116\111}{section.5}% 18
\BOOKMARK [1][-]{section.6}{\376\377\147\072\122\066\122\006\147\220\377\032\000B\000M\000I\000\040\116\055\116\313\215\357\137\204}{}% 19
\BOOKMARK [2][-]{subsection.6.1}{\376\377\116\055\116\313\000\040\000e\000s\000t\000i\000m\000a\000n\000d\000\040\116\016\213\306\122\053\150\106\147\266}{section.6}% 20
\BOOKMARK [2][-]{subsection.6.2}{\376\377\000B\000M\000I\000\040\215\357\137\204\122\006\211\343\176\323\147\234}{section.6}% 21
\BOOKMARK [2][-]{subsection.6.3}{\376\377\116\016\145\207\163\056\123\312\210\100\123\213\116\055\116\313\166\204\133\371\161\147}{section.6}% 22
\BOOKMARK [2][-]{subsection.6.4}{\376\377\116\055\116\313\145\117\141\037\140\047\122\006\147\220}{section.6}% 23
\BOOKMARK [1][-]{section.7}{\376\377\137\002\215\050\140\047\060\001\000a\000d\000j\000u\000s\000t\000m\000e\000n\000t\000\040\211\304\150\074\116\016\147\052\155\113\155\367\155\306}{}% 24
\BOOKMARK [2][-]{subsection.7.1}{\376\377\136\164\237\204\122\006\134\102\137\002\215\050\140\047}{section.7}% 25
\BOOKMARK [2][-]{subsection.7.2}{\376\377\124\070\160\337\166\204\145\110\136\224\117\356\231\160}{section.7}% 26
\BOOKMARK [2][-]{subsection.7.3}{\376\377\000a\000d\000j\000u\000s\000t\000m\000e\000n\000t\000\040\000s\000e\000t\000\040\211\304\150\074\145\117\141\037\140\047}{section.7}% 27
\BOOKMARK [2][-]{subsection.7.4}{\376\377\000E\000-\000v\000a\000l\000u\000e\000\040\116\016\147\052\155\113\155\367\155\306}{section.7}% 28
\BOOKMARK [1][-]{section.8}{\376\377\176\323\213\272\116\016\134\100\226\120}{}% 29
\BOOKMARK [2][-]{subsection.8.1}{\376\377\116\073\211\201\176\323\213\272}{section.8}% 30
\BOOKMARK [2][-]{subsection.8.2}{\376\377\134\100\226\120\116\016\134\125\147\033}{section.8}% 31
\BOOKMARK [1][-]{appendix.A}{\376\377\126\376\210\150\116\000\211\310}{}% 32
\BOOKMARK [1][-]{appendix.B}{\376\377\116\343\170\001\116\323\136\223\116\016\131\015\163\260\213\364\146\016}{}% 33
\BOOKMARK [2][-]{subsection.B.1}{\376\377\116\323\136\223\166\356\137\125\176\323\147\204}{appendix.B}% 34
\BOOKMARK [2][-]{subsection.B.2}{\376\377\121\113\226\206\116\016\131\015\163\260}{appendix.B}% 35
